# JRE version: OpenJDK Runtime Environment Temurin-21.0.9+10 (21.0.9+10) (build 21.0.9+10-LTS)
# Java VM: OpenJDK 64-Bit Server VM Temurin-21.0.9+10 (21.0.9+10-LTS, mixed mode, sharing, tiered, compressed oops, compressed class ptrs, g1 gc, windows-amd64)
GC Precious Log:
 CardTable entry size: 512
 Card Set container configuration: InlinePtr #cards 4 size 8 Array Of Cards #cards 32 size 80 Howl #buckets 8 coarsen threshold 7372 Howl Bitmap #cards 1024 size 144 coarsen threshold 921 Card regions per heap region 1 cards per card region 8192
 CPUs: 12 total, 12 available
 Memory: 49082M
 Large Page Support: Disabled
 NUMA Support: Disabled
 Compressed Oops: Enabled (Zero based)
 Heap Region Size: 4M
 Heap Min Capacity: 8M
 Heap Initial Capacity: 768M
 Heap Max Capacity: 8G
 Pre-touch: Disabled
 Parallel Workers: 10
 Concurrent Workers: 3
 Concurrent Refinement Workers: 10
 Periodic GC: Disabled
Heap:
 garbage-first heap   total 1286144K, used 1068079K [0x0000000600000000, 0x0000000800000000)
  region size 4096K, 187 young (765952K), 20 survivors (81920K)
 Metaspace       used 224229K, committed 236288K, reserved 1310720K
  class space    used 28110K, committed 32192K, reserved 1048576K
GC Heap History (20 events):
Event: 15422.232 GC heap after
{Heap after GC invocations=285 (full 0):
 garbage-first heap   total 1286144K, used 381023K [0x0000000600000000, 0x0000000800000000)
  region size 4096K, 20 young (81920K), 20 survivors (81920K)
 Metaspace       used 224216K, committed 236288K, reserved 1310720K
  class space    used 28110K, committed 32192K, reserved 1048576K
}
Event: 15487.202 GC heap before
{Heap before GC invocations=285 (full 0):
 garbage-first heap   total 1286144K, used 1065055K [0x0000000600000000, 0x0000000800000000)
  region size 4096K, 187 young (765952K), 20 survivors (81920K)
 Metaspace       used 224216K, committed 236288K, reserved 1310720K
  class space    used 28110K, committed 32192K, reserved 1048576K
}
Event: 15487.332 GC heap after
{Heap after GC invocations=286 (full 0):
 garbage-first heap   total 1286144K, used 385184K [0x0000000600000000, 0x0000000800000000)
  region size 4096K, 21 young (86016K), 21 survivors (86016K)
 Metaspace       used 224216K, committed 236288K, reserved 1310720K
  class space    used 28110K, committed 32192K, reserved 1048576K
}
Event: 15553.312 GC heap before
{Heap before GC invocations=286 (full 0):
 garbage-first heap   total 1286144K, used 1069216K [0x0000000600000000, 0x0000000800000000)
  region size 4096K, 188 young (770048K), 21 survivors (86016K)
 Metaspace       used 224216K, committed 236288K, reserved 1310720K
  class space    used 28110K, committed 32192K, reserved 1048576K
}
Event: 15553.467 GC heap after
{Heap after GC invocations=287 (full 0):
 garbage-first heap   total 1286144K, used 383480K [0x0000000600000000, 0x0000000800000000)
  region size 4096K, 20 young (81920K), 20 survivors (81920K)
 Metaspace       used 224216K, committed 236288K, reserved 1310720K
  class space    used 28110K, committed 32192K, reserved 1048576K
}
Event: 15617.462 GC heap before
{Heap before GC invocations=288 (full 0):
 garbage-first heap   total 1286144K, used 1059320K [0x0000000600000000, 0x0000000800000000)
  region size 4096K, 185 young (757760K), 20 survivors (81920K)
 Metaspace       used 224216K, committed 236288K, reserved 1310720K
  class space    used 28110K, committed 32192K, reserved 1048576K
}
Event: 15617.632 GC heap after
{Heap after GC invocations=289 (full 0):
 garbage-first heap   total 1286144K, used 384633K [0x0000000600000000, 0x0000000800000000)
  region size 4096K, 20 young (81920K), 20 survivors (81920K)
 Metaspace       used 224216K, committed 236288K, reserved 1310720K
  class space    used 28110K, committed 32192K, reserved 1048576K
}
Event: 15683.600 GC heap before
{Heap before GC invocations=289 (full 0):
 garbage-first heap   total 1286144K, used 1068665K [0x0000000600000000, 0x0000000800000000)
  region size 4096K, 187 young (765952K), 20 survivors (81920K)
 Metaspace       used 224216K, committed 236288K, reserved 1310720K
  class space    used 28110K, committed 32192K, reserved 1048576K
}
Event: 15683.735 GC heap after
{Heap after GC invocations=290 (full 0):
 garbage-first heap   total 1286144K, used 384097K [0x0000000600000000, 0x0000000800000000)
  region size 4096K, 21 young (86016K), 21 survivors (86016K)
 Metaspace       used 224216K, committed 236288K, reserved 1310720K
  class space    used 28110K, committed 32192K, reserved 1048576K
}
Event: 15748.727 GC heap before
{Heap before GC invocations=290 (full 0):
 garbage-first heap   total 1286144K, used 1064033K [0x0000000600000000, 0x0000000800000000)
  region size 4096K, 187 young (765952K), 21 survivors (86016K)
 Metaspace       used 224216K, committed 236288K, reserved 1310720K
  class space    used 28110K, committed 32192K, reserved 1048576K
}
Event: 15748.884 GC heap after
{Heap after GC invocations=291 (full 0):
 garbage-first heap   total 1286144K, used 383030K [0x0000000600000000, 0x0000000800000000)
  region size 4096K, 20 young (81920K), 20 survivors (81920K)
 Metaspace       used 224216K, committed 236288K, reserved 1310720K
  class space    used 28110K, committed 32192K, reserved 1048576K
}
Event: 15812.911 GC heap before
{Heap before GC invocations=292 (full 0):
 garbage-first heap   total 1286144K, used 1054774K [0x0000000600000000, 0x0000000800000000)
  region size 4096K, 184 young (753664K), 20 survivors (81920K)
 Metaspace       used 224217K, committed 236288K, reserved 1310720K
  class space    used 28110K, committed 32192K, reserved 1048576K
}
Event: 15813.069 GC heap after
{Heap after GC invocations=293 (full 0):
 garbage-first heap   total 1286144K, used 383142K [0x0000000600000000, 0x0000000800000000)
  region size 4096K, 20 young (81920K), 20 survivors (81920K)
 Metaspace       used 224217K, committed 236288K, reserved 1310720K
  class space    used 28110K, committed 32192K, reserved 1048576K
}
Event: 15878.045 GC heap before
{Heap before GC invocations=293 (full 0):
 garbage-first heap   total 1286144K, used 1067174K [0x0000000600000000, 0x0000000800000000)
  region size 4096K, 187 young (765952K), 20 survivors (81920K)
 Metaspace       used 224224K, committed 236288K, reserved 1310720K
  class space    used 28110K, committed 32192K, reserved 1048576K
}
Event: 15878.180 GC heap after
{Heap after GC invocations=294 (full 0):
 garbage-first heap   total 1286144K, used 382038K [0x0000000600000000, 0x0000000800000000)
  region size 4096K, 20 young (81920K), 20 survivors (81920K)
 Metaspace       used 224224K, committed 236288K, reserved 1310720K
  class space    used 28110K, committed 32192K, reserved 1048576K
}
Event: 15943.979 GC heap before
{Heap before GC invocations=294 (full 0):
 garbage-first heap   total 1286144K, used 1070166K [0x0000000600000000, 0x0000000800000000)
  region size 4096K, 188 young (770048K), 20 survivors (81920K)
 Metaspace       used 224229K, committed 236288K, reserved 1310720K
  class space    used 28110K, committed 32192K, reserved 1048576K
}
Event: 15944.137 GC heap after
{Heap after GC invocations=295 (full 0):
 garbage-first heap   total 1286144K, used 383922K [0x0000000600000000, 0x0000000800000000)
  region size 4096K, 21 young (86016K), 21 survivors (86016K)
 Metaspace       used 224229K, committed 236288K, reserved 1310720K
  class space    used 28110K, committed 32192K, reserved 1048576K
}
Event: 16008.826 GC heap before
{Heap before GC invocations=296 (full 0):
 garbage-first heap   total 1286144K, used 1067954K [0x0000000600000000, 0x0000000800000000)
  region size 4096K, 188 young (770048K), 21 survivors (86016K)
 Metaspace       used 224229K, committed 236288K, reserved 1310720K
  class space    used 28110K, committed 32192K, reserved 1048576K
}
Event: 16008.998 GC heap after
{Heap after GC invocations=297 (full 0):
 garbage-first heap   total 1286144K, used 384047K [0x0000000600000000, 0x0000000800000000)
  region size 4096K, 21 young (86016K), 21 survivors (86016K)
 Metaspace       used 224229K, committed 236288K, reserved 1310720K
  class space    used 28110K, committed 32192K, reserved 1048576K
}
Event: 16074.407 GC heap before
{Heap before GC invocations=297 (full 0):
 garbage-first heap   total 1286144K, used 1068079K [0x0000000600000000, 0x0000000800000000)
  region size 4096K, 188 young (770048K), 21 survivors (86016K)
 Metaspace       used 224229K, committed 236288K, reserved 1310720K
  class space    used 28110K, committed 32192K, reserved 1048576K
}

